<?xml version="1.0" encoding="UTF-8"?>
<!-- Generated by org.testng.reporters.JUnitXMLReporter -->
<testsuite ignored="0" hostname="DESKTOP-SELHIJF" failures="0" tests="3" name="Default test" time="2.459" errors="0" timestamp="2022-10-22T11:13:11 EEST">
  <testcase classname="SwagLabSite.SwagLabSiteLogin" name="navigate" time="2.088"/>
  <testcase classname="SwagLabSite.SwagLabSiteLogin" name="credntials" time="0.204"/>
  <testcase classname="SwagLabSite.SwagLabSiteLogin" name="close" time="0.137"/>
</testsuite> <!-- Default test -->
