<?xml version="1.0" encoding="UTF-8"?>
<testng-results ignored="3" total="5" passed="2" failed="0" skipped="0">
  <reporter-output>
  </reporter-output>
  <suite started-at="2022-10-22T13:23:47 EEST" name="demoTest22102022 by groups" finished-at="2022-10-22T13:23:47 EEST" duration-ms="55">
    <groups>
      <group name="medium important">
        <method signature="FirstClass.myfifthTest()[pri:5, instance:demoTest22102022.FirstClass@76508ed1]" name="myfifthTest" class="demoTest22102022.FirstClass"/>
        <method signature="FirstClass.myfourthTest()[pri:4, instance:demoTest22102022.FirstClass@76508ed1]" name="myfourthTest" class="demoTest22102022.FirstClass"/>
      </group> <!-- medium important -->
    </groups>
    <test started-at="2022-10-22T13:23:47 EEST" name="GRP-medium important" finished-at="2022-10-22T13:23:47 EEST" duration-ms="55">
      <class name="demoTest22102022.FirstClass">
        <test-method signature="myfourthTest()[pri:4, instance:demoTest22102022.FirstClass@76508ed1]" started-at="2022-10-22T13:23:47 EEST" name="myfourthTest" finished-at="2022-10-22T13:23:47 EEST" duration-ms="17" status="PASS">
          <reporter-output>
          </reporter-output>
        </test-method> <!-- myfourthTest -->
        <test-method signature="myfifthTest()[pri:5, instance:demoTest22102022.FirstClass@76508ed1]" started-at="2022-10-22T13:23:47 EEST" name="myfifthTest" finished-at="2022-10-22T13:23:47 EEST" duration-ms="1" status="PASS">
          <reporter-output>
          </reporter-output>
        </test-method> <!-- myfifthTest -->
      </class> <!-- demoTest22102022.FirstClass -->
    </test> <!-- GRP-medium important -->
  </suite> <!-- demoTest22102022 by groups -->
</testng-results>
