<?xml version="1.0" encoding="UTF-8"?>
<testng-results ignored="0" total="3" passed="3" failed="0" skipped="0">
  <reporter-output>
  </reporter-output>
  <suite started-at="2022-10-08T13:53:16 EEST" name="Default suite" finished-at="2022-10-08T13:53:16 EEST" duration-ms="103">
    <groups>
    </groups>
    <test started-at="2022-10-08T13:53:16 EEST" name="Default test" finished-at="2022-10-08T13:53:16 EEST" duration-ms="103">
      <class name="automation_TestNG_Sat.MyVoucher">
        <test-method signature="myVoucher1()[pri:1, instance:automation_TestNG_Sat.MyVoucher@51e4ccb3]" started-at="2022-10-08T13:53:16 EEST" name="myVoucher1" finished-at="2022-10-08T13:53:16 EEST" duration-ms="23" status="PASS">
          <reporter-output>
          </reporter-output>
        </test-method> <!-- myVoucher1 -->
        <test-method signature="myVoucher2()[pri:2, instance:automation_TestNG_Sat.MyVoucher@51e4ccb3]" started-at="2022-10-08T13:53:16 EEST" name="myVoucher2" finished-at="2022-10-08T13:53:16 EEST" duration-ms="2" status="PASS">
          <reporter-output>
          </reporter-output>
        </test-method> <!-- myVoucher2 -->
        <test-method signature="myVoucher3()[pri:3, instance:automation_TestNG_Sat.MyVoucher@51e4ccb3]" started-at="2022-10-08T13:53:16 EEST" name="myVoucher3" finished-at="2022-10-08T13:53:16 EEST" duration-ms="2" status="PASS">
          <reporter-output>
          </reporter-output>
        </test-method> <!-- myVoucher3 -->
      </class> <!-- automation_TestNG_Sat.MyVoucher -->
    </test> <!-- Default test -->
  </suite> <!-- Default suite -->
</testng-results>
