<?xml version="1.0" encoding="UTF-8"?>
<!-- Generated by org.testng.reporters.JUnitXMLReporter -->
<testsuite ignored="3" hostname="DESKTOP-SELHIJF" failures="0" tests="4" name="Sales_Cash" time="0.056" errors="0" timestamp="2022-10-08T13:48:06 EEST">
  <testcase classname="automation_TestNG_Sat.MyCash" name="myCashSales_2" time="0.013"/>
  <testcase classname="automation_TestNG_Sat.MyCreditCard" name="myCredit2" time="0.002"/>
  <testcase classname="automation_TestNG_Sat.MyVoucher" name="myVoucher2" time="0.001"/>
  <testcase classname="automation_TestNG_Sat.MyVoucher" name="myVoucher3" time="0.001"/>
  <testcase classname="automation_TestNG_Sat.MyVoucher" name="myVoucher1" time="0.0">
    <ignored/>
  </testcase> <!-- myVoucher1 -->
  <testcase classname="automation_TestNG_Sat.MyCash" name="myCashSales_1" time="0.0">
    <ignored/>
  </testcase> <!-- myCashSales_1 -->
  <testcase classname="automation_TestNG_Sat.MyCreditCard" name="myCredit1" time="0.0">
    <ignored/>
  </testcase> <!-- myCredit1 -->
</testsuite> <!-- Sales_Cash -->
