<?xml version="1.0" encoding="UTF-8"?>
<!-- Generated by org.testng.reporters.JUnitXMLReporter -->
<testsuite ignored="3" hostname="DESKTOP-SELHIJF" failures="0" tests="1" name="GRP-very important" time="0.038" errors="0" timestamp="2022-10-22T13:15:59 EEST">
  <testcase classname="demoTest22102022.FirstClass" name="myfirstTest" time="0.009"/>
  <testcase classname="demoTest22102022.FirstClass" name="mysecondtTest" time="0.0">
    <ignored/>
  </testcase> <!-- mysecondtTest -->
  <testcase classname="demoTest22102022.FirstClass" name="mythirdtTest" time="0.0">
    <ignored/>
  </testcase> <!-- mythirdtTest -->
  <testcase classname="demoTest22102022.FirstClass" name="myfourthTest" time="0.0">
    <ignored/>
  </testcase> <!-- myfourthTest -->
</testsuite> <!-- GRP-very important -->
