<?xml version="1.0" encoding="UTF-8"?>
<!-- Generated by org.testng.reporters.JUnitXMLReporter -->
<testsuite ignored="3" hostname="DESKTOP-SELHIJF" failures="0" tests="2" name="GRP-medium important" time="0.055" errors="0" timestamp="2022-10-22T13:23:47 EEST">
  <testcase classname="demoTest22102022.FirstClass" name="myfourthTest" time="0.017"/>
  <testcase classname="demoTest22102022.FirstClass" name="myfifthTest" time="0.001"/>
  <testcase classname="demoTest22102022.FirstClass" name="mysecondtTest" time="0.0">
    <ignored/>
  </testcase> <!-- mysecondtTest -->
  <testcase classname="demoTest22102022.FirstClass" name="mythirdtTest" time="0.0">
    <ignored/>
  </testcase> <!-- mythirdtTest -->
  <testcase classname="demoTest22102022.FirstClass" name="myfirstTest" time="0.0">
    <ignored/>
  </testcase> <!-- myfirstTest -->
</testsuite> <!-- GRP-medium important -->
