<?xml version="1.0" encoding="UTF-8"?>
<!-- Generated by org.testng.reporters.JUnitXMLReporter -->
<testsuite ignored="0" hostname="DESKTOP-SELHIJF" failures="0" tests="3" name="Default test" time="0.103" errors="0" timestamp="2022-10-08T13:53:16 EEST">
  <testcase classname="automation_TestNG_Sat.MyVoucher" name="myVoucher1" time="0.023"/>
  <testcase classname="automation_TestNG_Sat.MyVoucher" name="myVoucher2" time="0.002"/>
  <testcase classname="automation_TestNG_Sat.MyVoucher" name="myVoucher3" time="0.002"/>
</testsuite> <!-- Default test -->
