<?xml version="1.0" encoding="UTF-8"?>
<testng-results ignored="0" total="3" passed="3" failed="0" skipped="0">
  <reporter-output>
  </reporter-output>
  <suite started-at="2022-10-22T11:13:09 EEST" name="Default suite" finished-at="2022-10-22T11:13:11 EEST" duration-ms="2459">
    <groups>
    </groups>
    <test started-at="2022-10-22T11:13:09 EEST" name="Default test" finished-at="2022-10-22T11:13:11 EEST" duration-ms="2459">
      <class name="SwagLabSite.SwagLabSiteLogin">
        <test-method signature="navigate()[pri:1, instance:SwagLabSite.SwagLabSiteLogin@6ca8564a]" started-at="2022-10-22T11:13:09 EEST" name="navigate" finished-at="2022-10-22T11:13:11 EEST" duration-ms="2088" status="PASS">
          <reporter-output>
          </reporter-output>
        </test-method> <!-- navigate -->
        <test-method signature="credntials()[pri:2, instance:SwagLabSite.SwagLabSiteLogin@6ca8564a]" started-at="2022-10-22T11:13:11 EEST" name="credntials" finished-at="2022-10-22T11:13:11 EEST" duration-ms="204" status="PASS">
          <reporter-output>
          </reporter-output>
        </test-method> <!-- credntials -->
        <test-method signature="close()[pri:3, instance:SwagLabSite.SwagLabSiteLogin@6ca8564a]" started-at="2022-10-22T11:13:11 EEST" name="close" finished-at="2022-10-22T11:13:11 EEST" duration-ms="137" status="PASS">
          <reporter-output>
          </reporter-output>
        </test-method> <!-- close -->
      </class> <!-- SwagLabSite.SwagLabSiteLogin -->
    </test> <!-- Default test -->
  </suite> <!-- Default suite -->
</testng-results>
